<?xml version="1.0" encoding="UTF-8"?>
<!-- Generated by org.testng.reporters.JUnitReportReporter -->
<testsuite hostname="BTC-Mac.local" name="script.Clinician_Reg_TC4" tests="1" failures="0" timestamp="12 Dec 2018 11:22:14 GMT" time="27.047" errors="0">
  <testcase name="clinicianReg" time="27.047" classname="script.Clinician_Reg_TC4"/>
</testsuite> <!-- script.Clinician_Reg_TC4 -->
