<?xml version="1.0" encoding="UTF-8"?>
<!-- Generated by org.testng.reporters.JUnitReportReporter -->
<testsuite hostname="BTC-Mac.local" name="script.PaymentWithCard_TC7" tests="1" failures="0" timestamp="10 Dec 2018 12:36:15 GMT" time="96.055" errors="0">
  <testcase name="testA" time="96.055" classname="script.PaymentWithCard_TC7"/>
</testsuite> <!-- script.PaymentWithCard_TC7 -->
