<?xml version="1.0" encoding="UTF-8"?>
<!-- Generated by org.testng.reporters.JUnitReportReporter -->
<testsuite hostname="BTC-Mac.local" name="script.Clinician_Reg_TC4" tests="1" failures="0" timestamp="12 Dec 2018 05:30:09 GMT" time="29.468" errors="0">
  <testcase name="clinicianReg" time="29.468" classname="script.Clinician_Reg_TC4"/>
</testsuite> <!-- script.Clinician_Reg_TC4 -->
