<?xml version="1.0" encoding="UTF-8"?>
<!-- Generated by org.testng.reporters.JUnitReportReporter -->
<testsuite hostname="Sachin" name="script.View_LLR_List_TC13" tests="1" failures="0" timestamp="11 Dec 2018 20:13:52 GMT" time="35.264" errors="0">
  <testcase name="view_LLR_List" time="35.264" classname="script.View_LLR_List_TC13"/>
</testsuite> <!-- script.View_LLR_List_TC13 -->
