<?xml version="1.0" encoding="UTF-8"?>
<!-- Generated by org.testng.reporters.JUnitReportReporter -->
<testsuite hostname="BTC-Mac.local" name="script.Others_Reg_TC6" tests="1" failures="0" timestamp="12 Dec 2018 08:18:23 GMT" time="19.591" errors="0">
  <testcase name="otherRegistration" time="19.591" classname="script.Others_Reg_TC6"/>
</testsuite> <!-- script.Others_Reg_TC6 -->
