<?xml version="1.0" encoding="UTF-8"?>
<!-- Generated by org.testng.reporters.JUnitReportReporter -->
<testsuite hostname="BTC-Mac.local" name="script.CMC_Auto" tests="1" failures="0" timestamp="6 Dec 2018 11:20:57 GMT" time="51.805" errors="0">
  <testcase name="testA" time="51.805" classname="script.CMC_Auto"/>
</testsuite> <!-- script.CMC_Auto -->
