<?xml version="1.0" encoding="UTF-8"?>
<!-- Generated by org.testng.reporters.JUnitReportReporter -->
<testsuite hostname="BTC-Mac.local" name="script.RegisterAfterSignout_TC3" tests="1" failures="0" timestamp="12 Dec 2018 11:22:14 GMT" time="36.593" errors="0">
  <testcase name="regAfterSignOut" time="36.593" classname="script.RegisterAfterSignout_TC3"/>
</testsuite> <!-- script.RegisterAfterSignout_TC3 -->
