<?xml version="1.0" encoding="UTF-8"?>
<!-- Generated by org.testng.reporters.JUnitReportReporter -->
<testsuite hostname="BTC-Mac.local" name="script.View_LLR_List_TC13" tests="1" failures="0" timestamp="12 Dec 2018 08:18:23 GMT" time="27.968" errors="0">
  <testcase name="view_LLR_List" time="27.968" classname="script.View_LLR_List_TC13"/>
</testsuite> <!-- script.View_LLR_List_TC13 -->
