<?xml version="1.0" encoding="UTF-8"?>
<!-- Generated by org.testng.reporters.JUnitReportReporter -->
<testsuite hostname="BTC-Mac.local" name="script.CMS_Auto" tests="1" failures="0" timestamp="12 Dec 2018 11:22:14 GMT" time="49.620" errors="0">
  <testcase name="creationOfDDM" time="49.620" classname="script.CMS_Auto"/>
</testsuite> <!-- script.CMS_Auto -->
