<?xml version="1.0" encoding="UTF-8"?>
<!-- Generated by org.testng.reporters.JUnitReportReporter -->
<testsuite hostname="BTC-Mac.local" name="script.Invalid_Email_TC2" tests="1" failures="0" timestamp="12 Dec 2018 11:22:14 GMT" time="16.010" errors="0">
  <testcase name="invalidEmail" time="16.010" classname="script.Invalid_Email_TC2"/>
</testsuite> <!-- script.Invalid_Email_TC2 -->
