<?xml version="1.0" encoding="UTF-8"?>
<!-- Generated by org.testng.reporters.JUnitReportReporter -->
<testsuite hostname="BTC-Mac.local" name="script.Valid_Email_TC1" tests="1" failures="0" timestamp="12 Dec 2018 11:22:14 GMT" time="66.063" errors="0">
  <testcase name="validEmail" time="66.063" classname="script.Valid_Email_TC1"/>
</testsuite> <!-- script.Valid_Email_TC1 -->
