<?xml version="1.0" encoding="UTF-8"?>
<!-- Generated by org.testng.reporters.JUnitReportReporter -->
<testsuite hostname="BTC-Mac.local" name="script.PaymentWithPaypal_TC8" tests="1" failures="0" timestamp="12 Dec 2018 08:18:23 GMT" time="166.036" errors="0">
  <testcase name="paymentWithPaypal" time="166.036" classname="script.PaymentWithPaypal_TC8"/>
</testsuite> <!-- script.PaymentWithPaypal_TC8 -->
