<?xml version="1.0" encoding="UTF-8"?>
<!-- Generated by org.testng.reporters.JUnitReportReporter -->
<testsuite skipped="0" hostname="BTC-Mac.local" name="script.Clinician_Reg_TC4" tests="1" failures="0" timestamp="26 Nov 2018 14:49:37 GMT" time="28.189" errors="0">
  <testcase name="testA" time="28.189" classname="script.Clinician_Reg_TC4"/>
</testsuite> <!-- script.Clinician_Reg_TC4 -->
