<?xml version="1.0" encoding="UTF-8"?>
<!-- Generated by org.testng.reporters.JUnitReportReporter -->
<testsuite hostname="Sachin" name="script.Others_Reg_TC6" tests="1" failures="0" timestamp="11 Dec 2018 20:13:52 GMT" time="28.480" errors="0">
  <testcase name="otherRegistration" time="28.480" classname="script.Others_Reg_TC6"/>
</testsuite> <!-- script.Others_Reg_TC6 -->
