<?xml version="1.0" encoding="UTF-8"?>
<!-- Generated by org.testng.reporters.JUnitReportReporter -->
<testsuite hostname="Sachin" name="script.CMS_Auto" tests="1" failures="0" timestamp="11 Dec 2018 20:13:52 GMT" time="55.415" errors="0">
  <testcase name="creationOfDDM" time="55.415" classname="script.CMS_Auto"/>
</testsuite> <!-- script.CMS_Auto -->
