<?xml version="1.0" encoding="UTF-8"?>
<!-- Generated by org.testng.reporters.JUnitReportReporter -->
<testsuite hostname="BTC-Mac.local" name="script.Create_LLR_Request_JPG_TC10" tests="1" failures="0" timestamp="12 Dec 2018 07:40:48 GMT" time="71.721" errors="0">
  <testcase name="create_LLR_jpg" time="71.721" classname="script.Create_LLR_Request_JPG_TC10"/>
</testsuite> <!-- script.Create_LLR_Request_JPG_TC10 -->
