<?xml version="1.0" encoding="UTF-8"?>
<!-- Generated by org.testng.reporters.JUnitReportReporter -->
<testsuite hostname="BTC-Mac.local" name="script.View_LLR_List_TC13" tests="1" failures="0" timestamp="12 Dec 2018 05:30:09 GMT" time="44.465" errors="0">
  <testcase name="view_LLR_List" time="44.465" classname="script.View_LLR_List_TC13"/>
</testsuite> <!-- script.View_LLR_List_TC13 -->
