<?xml version="1.0" encoding="UTF-8"?>
<!-- Generated by org.testng.reporters.JUnitReportReporter -->
<testsuite hostname="Sachin" name="script.LabAdmin_Reg_TC5" tests="1" failures="0" timestamp="11 Dec 2018 20:13:52 GMT" time="25.812" errors="0">
  <testcase name="labAdminRegistration" time="25.812" classname="script.LabAdmin_Reg_TC5"/>
</testsuite> <!-- script.LabAdmin_Reg_TC5 -->
