<?xml version="1.0" encoding="UTF-8"?>
<!-- Generated by org.testng.reporters.JUnitReportReporter -->
<testsuite hostname="BTC-Mac.local" name="script.PaymentWithPaypal_TC8" tests="1" failures="0" timestamp="12 Dec 2018 11:22:14 GMT" time="155.794" errors="0">
  <testcase name="paymentWithPaypal" time="155.794" classname="script.PaymentWithPaypal_TC8"/>
</testsuite> <!-- script.PaymentWithPaypal_TC8 -->
