<?xml version="1.0" encoding="UTF-8"?>
<!-- Generated by org.testng.reporters.JUnitReportReporter -->
<testsuite hostname="BTC-Mac.local" name="script.PaymentWithPaypal_TC8" tests="1" failures="0" timestamp="10 Dec 2018 14:32:43 GMT" time="168.814" errors="0">
  <testcase name="testA" time="168.814" classname="script.PaymentWithPaypal_TC8"/>
</testsuite> <!-- script.PaymentWithPaypal_TC8 -->
