<?xml version="1.0" encoding="UTF-8"?>
<!-- Generated by org.testng.reporters.JUnitReportReporter -->
<testsuite hostname="BTC-Mac.local" name="script.Create_LLR_Request_PDF_TC12" tests="1" failures="0" timestamp="12 Dec 2018 11:22:14 GMT" time="215.725" errors="0">
  <testcase name="create_LLR_pdf" time="215.725" classname="script.Create_LLR_Request_PDF_TC12"/>
</testsuite> <!-- script.Create_LLR_Request_PDF_TC12 -->
