<?xml version="1.0" encoding="UTF-8"?>
<!-- Generated by org.testng.reporters.JUnitReportReporter -->
<testsuite hostname="BTC-Mac.local" name="script.CMS_Auto" tests="1" failures="0" timestamp="12 Dec 2018 08:18:23 GMT" time="43.394" errors="0">
  <testcase name="creationOfDDM" time="43.394" classname="script.CMS_Auto"/>
</testsuite> <!-- script.CMS_Auto -->
