<?xml version="1.0" encoding="UTF-8"?>
<!-- Generated by org.testng.reporters.JUnitReportReporter -->
<testsuite hostname="BTC-Mac.local" name="script.Valid_Email_TC1" tests="1" failures="0" timestamp="10 Dec 2018 13:11:59 GMT" time="78.524" errors="0">
  <testcase name="testA" time="78.524" classname="script.Valid_Email_TC1"/>
</testsuite> <!-- script.Valid_Email_TC1 -->
