<?xml version="1.0" encoding="UTF-8"?>
<!-- Generated by org.testng.reporters.JUnitReportReporter -->
<testsuite hostname="BTC-Mac.local" name="script.PaymentWithCard_TC7" tests="1" failures="0" timestamp="12 Dec 2018 05:30:09 GMT" time="70.626" errors="0">
  <testcase name="paymentWithCard" time="70.626" classname="script.PaymentWithCard_TC7"/>
</testsuite> <!-- script.PaymentWithCard_TC7 -->
