<?xml version="1.0" encoding="UTF-8"?>
<!-- Generated by org.testng.reporters.JUnitReportReporter -->
<testsuite skipped="0" hostname="BTC-Mac.local" name="script.Valid_Email_TC1" tests="1" failures="0" timestamp="26 Nov 2018 13:10:19 GMT" time="59.775" errors="0">
  <testcase name="testA" time="59.775" classname="script.Valid_Email_TC1"/>
</testsuite> <!-- script.Valid_Email_TC1 -->
