<?xml version="1.0" encoding="UTF-8"?>
<!-- Generated by org.testng.reporters.JUnitReportReporter -->
<testsuite skipped="0" hostname="BTC-Mac.local" name="script.Test_Case2" tests="1" failures="0" timestamp="26 Nov 2018 11:44:09 GMT" time="25.463" errors="0">
  <testcase name="testA" time="25.463" classname="script.Test_Case2"/>
</testsuite> <!-- script.Test_Case2 -->
