<?xml version="1.0" encoding="UTF-8"?>
<!-- Generated by org.testng.reporters.JUnitReportReporter -->
<testsuite hostname="BTC-Mac.local" name="script.Create_LLR_Request_JPG_TC10" tests="1" failures="0" timestamp="12 Dec 2018 11:22:14 GMT" time="58.304" errors="0">
  <testcase name="create_LLR_jpg" time="58.304" classname="script.Create_LLR_Request_JPG_TC10"/>
</testsuite> <!-- script.Create_LLR_Request_JPG_TC10 -->
