<?xml version="1.0" encoding="UTF-8"?>
<!-- Generated by org.testng.reporters.JUnitReportReporter -->
<testsuite hostname="BTC-Mac.local" name="script.Others_Reg_TC6" tests="1" failures="0" timestamp="12 Dec 2018 05:30:09 GMT" time="16.305" errors="0">
  <testcase name="otherRegistration" time="16.305" classname="script.Others_Reg_TC6"/>
</testsuite> <!-- script.Others_Reg_TC6 -->
