<?xml version="1.0" encoding="UTF-8"?>
<!-- Generated by org.testng.reporters.JUnitReportReporter -->
<testsuite hostname="BTC-Mac.local" name="script.LabAdmin_Reg_TC5" tests="1" failures="0" timestamp="12 Dec 2018 05:30:09 GMT" time="26.196" errors="0">
  <testcase name="labAdminRegistration" time="26.196" classname="script.LabAdmin_Reg_TC5"/>
</testsuite> <!-- script.LabAdmin_Reg_TC5 -->
