<?xml version="1.0" encoding="UTF-8"?>
<!-- Generated by org.testng.reporters.JUnitReportReporter -->
<testsuite hostname="BTC-Mac.local" name="script.LabAdmin_Reg_TC5" tests="1" failures="0" timestamp="12 Dec 2018 08:18:23 GMT" time="20.877" errors="0">
  <testcase name="labAdminRegistration" time="20.877" classname="script.LabAdmin_Reg_TC5"/>
</testsuite> <!-- script.LabAdmin_Reg_TC5 -->
