<?xml version="1.0" encoding="UTF-8"?>
<!-- Generated by org.testng.reporters.JUnitReportReporter -->
<testsuite hostname="BTC-Mac.local" name="script.Valid_Email_TC1" tests="1" failures="0" timestamp="12 Dec 2018 05:30:09 GMT" time="58.294" errors="0">
  <testcase name="validEmail" time="58.294" classname="script.Valid_Email_TC1"/>
</testsuite> <!-- script.Valid_Email_TC1 -->
