<?xml version="1.0" encoding="UTF-8"?>
<!-- Generated by org.testng.reporters.JUnitReportReporter -->
<testsuite hostname="BTC-Mac.local" name="script.Create_LLR_Request_PNG_TC11" tests="1" failures="0" timestamp="12 Dec 2018 08:18:23 GMT" time="77.244" errors="0">
  <testcase name="create_LLR_png" time="77.244" classname="script.Create_LLR_Request_PNG_TC11"/>
</testsuite> <!-- script.Create_LLR_Request_PNG_TC11 -->
